0 info it worked if it ends with ok
1 verbose cli [ '/usr/bin/node', '/usr/bin/npm', 'publish' ]
2 info using npm@1.3.14
3 info using node@v0.10.22
4 verbose publish [ '.' ]
5 verbose cache add [ '.', null ]
6 verbose cache add name=undefined spec="." args=[".",null]
7 verbose parsed url { protocol: null,
7 verbose parsed url   slashes: null,
7 verbose parsed url   auth: null,
7 verbose parsed url   host: null,
7 verbose parsed url   port: null,
7 verbose parsed url   hostname: null,
7 verbose parsed url   hash: null,
7 verbose parsed url   search: null,
7 verbose parsed url   query: null,
7 verbose parsed url   pathname: '.',
7 verbose parsed url   path: '.',
7 verbose parsed url   href: '.' }
8 silly lockFile 3a52ce78- .
9 verbose lock . /home/kin/.npm/3a52ce78-.lock
10 verbose tar pack [ '/home/kin/tmp/npm-4711-45hQeQl1/1385174090358-0.9940020458307117/tmp.tgz',
10 verbose tar pack   '.' ]
11 verbose tarball /home/kin/tmp/npm-4711-45hQeQl1/1385174090358-0.9940020458307117/tmp.tgz
12 verbose folder .
13 info prepublish node-rtorrent-scgi@0.0.2
14 silly lockFile 1f1177db-tar tar://.
15 verbose lock tar://. /home/kin/.npm/1f1177db-tar.lock
16 silly lockFile ddf7e29a-90358-0-9940020458307117-tmp-tgz tar:///home/kin/tmp/npm-4711-45hQeQl1/1385174090358-0.9940020458307117/tmp.tgz
17 verbose lock tar:///home/kin/tmp/npm-4711-45hQeQl1/1385174090358-0.9940020458307117/tmp.tgz /home/kin/.npm/ddf7e29a-90358-0-9940020458307117-tmp-tgz.lock
18 silly lockFile 1f1177db-tar tar://.
19 silly lockFile 1f1177db-tar tar://.
20 silly lockFile ddf7e29a-90358-0-9940020458307117-tmp-tgz tar:///home/kin/tmp/npm-4711-45hQeQl1/1385174090358-0.9940020458307117/tmp.tgz
21 silly lockFile ddf7e29a-90358-0-9940020458307117-tmp-tgz tar:///home/kin/tmp/npm-4711-45hQeQl1/1385174090358-0.9940020458307117/tmp.tgz
22 verbose tar unpack /home/kin/tmp/npm-4711-45hQeQl1/1385174090358-0.9940020458307117/tmp.tgz
23 silly lockFile bd187a0c-90358-0-9940020458307117-package tar:///home/kin/tmp/npm-4711-45hQeQl1/1385174090358-0.9940020458307117/package
24 verbose lock tar:///home/kin/tmp/npm-4711-45hQeQl1/1385174090358-0.9940020458307117/package /home/kin/.npm/bd187a0c-90358-0-9940020458307117-package.lock
25 silly lockFile ddf7e29a-90358-0-9940020458307117-tmp-tgz tar:///home/kin/tmp/npm-4711-45hQeQl1/1385174090358-0.9940020458307117/tmp.tgz
26 verbose lock tar:///home/kin/tmp/npm-4711-45hQeQl1/1385174090358-0.9940020458307117/tmp.tgz /home/kin/.npm/ddf7e29a-90358-0-9940020458307117-tmp-tgz.lock
27 silly gunzTarPerm modes [ '755', '644' ]
28 silly gunzTarPerm extractEntry package.json
29 silly gunzTarPerm extractEntry .npmignore
30 silly gunzTarPerm modified mode [ '.npmignore', 438, 420 ]
31 silly gunzTarPerm extractEntry README.md
32 silly gunzTarPerm extractEntry rtorrent.js
33 silly lockFile bd187a0c-90358-0-9940020458307117-package tar:///home/kin/tmp/npm-4711-45hQeQl1/1385174090358-0.9940020458307117/package
34 silly lockFile bd187a0c-90358-0-9940020458307117-package tar:///home/kin/tmp/npm-4711-45hQeQl1/1385174090358-0.9940020458307117/package
35 silly lockFile ddf7e29a-90358-0-9940020458307117-tmp-tgz tar:///home/kin/tmp/npm-4711-45hQeQl1/1385174090358-0.9940020458307117/tmp.tgz
36 silly lockFile ddf7e29a-90358-0-9940020458307117-tmp-tgz tar:///home/kin/tmp/npm-4711-45hQeQl1/1385174090358-0.9940020458307117/tmp.tgz
37 verbose tar pack [ '/home/kin/.npm/node-rtorrent-scgi/0.0.2/package.tgz',
37 verbose tar pack   '/home/kin/tmp/npm-4711-45hQeQl1/1385174090358-0.9940020458307117/package' ]
38 verbose tarball /home/kin/.npm/node-rtorrent-scgi/0.0.2/package.tgz
39 verbose folder /home/kin/tmp/npm-4711-45hQeQl1/1385174090358-0.9940020458307117/package
40 silly lockFile bd187a0c-90358-0-9940020458307117-package tar:///home/kin/tmp/npm-4711-45hQeQl1/1385174090358-0.9940020458307117/package
41 verbose lock tar:///home/kin/tmp/npm-4711-45hQeQl1/1385174090358-0.9940020458307117/package /home/kin/.npm/bd187a0c-90358-0-9940020458307117-package.lock
42 silly lockFile 5e8166d8--rtorrent-scgi-0-0-2-package-tgz tar:///home/kin/.npm/node-rtorrent-scgi/0.0.2/package.tgz
43 verbose lock tar:///home/kin/.npm/node-rtorrent-scgi/0.0.2/package.tgz /home/kin/.npm/5e8166d8--rtorrent-scgi-0-0-2-package-tgz.lock
44 silly lockFile bd187a0c-90358-0-9940020458307117-package tar:///home/kin/tmp/npm-4711-45hQeQl1/1385174090358-0.9940020458307117/package
45 silly lockFile bd187a0c-90358-0-9940020458307117-package tar:///home/kin/tmp/npm-4711-45hQeQl1/1385174090358-0.9940020458307117/package
46 silly lockFile 5e8166d8--rtorrent-scgi-0-0-2-package-tgz tar:///home/kin/.npm/node-rtorrent-scgi/0.0.2/package.tgz
47 silly lockFile 5e8166d8--rtorrent-scgi-0-0-2-package-tgz tar:///home/kin/.npm/node-rtorrent-scgi/0.0.2/package.tgz
48 silly lockFile 5eba8d8a-node-rtorrent-scgi-0-0-2-package /home/kin/.npm/node-rtorrent-scgi/0.0.2/package
49 verbose lock /home/kin/.npm/node-rtorrent-scgi/0.0.2/package /home/kin/.npm/5eba8d8a-node-rtorrent-scgi-0-0-2-package.lock
50 silly lockFile 5eba8d8a-node-rtorrent-scgi-0-0-2-package /home/kin/.npm/node-rtorrent-scgi/0.0.2/package
51 silly lockFile 5eba8d8a-node-rtorrent-scgi-0-0-2-package /home/kin/.npm/node-rtorrent-scgi/0.0.2/package
52 verbose tar unpack /home/kin/.npm/node-rtorrent-scgi/0.0.2/package.tgz
53 silly lockFile 5ead4cbb-node-rtorrent-scgi-0-0-2-package tar:///home/kin/.npm/node-rtorrent-scgi/0.0.2/package
54 verbose lock tar:///home/kin/.npm/node-rtorrent-scgi/0.0.2/package /home/kin/.npm/5ead4cbb-node-rtorrent-scgi-0-0-2-package.lock
55 silly lockFile 5e8166d8--rtorrent-scgi-0-0-2-package-tgz tar:///home/kin/.npm/node-rtorrent-scgi/0.0.2/package.tgz
56 verbose lock tar:///home/kin/.npm/node-rtorrent-scgi/0.0.2/package.tgz /home/kin/.npm/5e8166d8--rtorrent-scgi-0-0-2-package-tgz.lock
57 silly gunzTarPerm modes [ '755', '644' ]
58 silly gunzTarPerm extractEntry package.json
59 silly gunzTarPerm extractEntry .npmignore
60 silly gunzTarPerm extractEntry README.md
61 silly gunzTarPerm extractEntry rtorrent.js
62 silly lockFile 5ead4cbb-node-rtorrent-scgi-0-0-2-package tar:///home/kin/.npm/node-rtorrent-scgi/0.0.2/package
63 silly lockFile 5ead4cbb-node-rtorrent-scgi-0-0-2-package tar:///home/kin/.npm/node-rtorrent-scgi/0.0.2/package
64 silly lockFile 5e8166d8--rtorrent-scgi-0-0-2-package-tgz tar:///home/kin/.npm/node-rtorrent-scgi/0.0.2/package.tgz
65 silly lockFile 5e8166d8--rtorrent-scgi-0-0-2-package-tgz tar:///home/kin/.npm/node-rtorrent-scgi/0.0.2/package.tgz
66 verbose chmod /home/kin/.npm/node-rtorrent-scgi/0.0.2/package.tgz 644
67 verbose chown /home/kin/.npm/node-rtorrent-scgi/0.0.2/package.tgz [ 1000, 1000 ]
68 silly lockFile 3a52ce78- .
69 silly lockFile 3a52ce78- .
70 silly publish { name: 'node-rtorrent-scgi',
70 silly publish   description: 'A rtorrent Client with scgi ( No xmlrpc )',
70 silly publish   version: '0.0.2',
70 silly publish   homepage: 'https://github.com/kinabcd/node-rtorrent',
70 silly publish   author: { name: 'Kin Lo', email: 'kinabcd@gmail.com' },
70 silly publish   repository:
70 silly publish    { type: 'git',
70 silly publish      url: 'git://github.com/kinabcd/node-rtorrent.git' },
70 silly publish   bugs: { url: 'https://github.com/kinabcd/node-rtorrent/issues' },
70 silly publish   main: 'rtorrent',
70 silly publish   dependencies: { jquery: '>=1.8.0' },
70 silly publish   keywords: [ 'rtorrent', 'torrent' ],
70 silly publish   readme: 'ERROR: No README data found!',
70 silly publish   readmeFilename: 'README.md',
70 silly publish   _id: 'node-rtorrent-scgi@0.0.2',
70 silly publish   dist: { shasum: '070b47b99a5ebb7d86a78274f6f171b41abc6f73' },
70 silly publish   _from: '.' }
71 verbose url raw node-rtorrent-scgi
72 verbose url resolving [ 'https://registry.npmjs.org/', './node-rtorrent-scgi' ]
73 verbose url resolved https://registry.npmjs.org/node-rtorrent-scgi
74 info trying registry request attempt 1 at 10:34:53
75 http PUT https://registry.npmjs.org/node-rtorrent-scgi
76 http 409 https://registry.npmjs.org/node-rtorrent-scgi
77 verbose url raw node-rtorrent-scgi
78 verbose url resolving [ 'https://registry.npmjs.org/', './node-rtorrent-scgi' ]
79 verbose url resolved https://registry.npmjs.org/node-rtorrent-scgi
80 info trying registry request attempt 1 at 10:34:55
81 http GET https://registry.npmjs.org/node-rtorrent-scgi
82 http 200 https://registry.npmjs.org/node-rtorrent-scgi
83 error publish fail Cannot publish over existing version.
83 error publish fail Update the 'version' field in package.json and try again.
83 error publish fail
83 error publish fail If the previous version was published in error, see:
83 error publish fail     npm help unpublish
83 error publish fail
83 error publish fail To automatically increment version numbers, see:
83 error publish fail     npm help version
84 error System Linux 3.12.0-1-ARCH
85 error command "/usr/bin/node" "/usr/bin/npm" "publish"
86 error cwd /home/kin/Dropbox/Source/node-rtorrent-scgi
87 error node -v v0.10.22
88 error npm -v 1.3.14
89 error code EPUBLISHCONFLICT
90 verbose exit [ 1, true ]
